[12:38:13] [main/INFO] (FabricLoader/GameProvider) Loading Minecraft 1.21.11 with Fabric Loader 0.18.4
[12:38:14] [ForkJoinPool-1-worker-24/WARN] (FabricLoader/Metadata) Mod eliminate uses the version beta1.1 which isn't compatible with Loader's extended semantic version format (Could not parse version number component 'beta1'!), SemVer is recommended for reliably evaluating dependencies and prioritizing newer version
[12:38:14] [main/INFO] (FabricLoader) Loading 51 mods:
	- eliminate beta1.1
	- fabric-api 0.141.1+1.21.11
	- fabric-api-base 1.0.5+4ebb5c083e
	- fabric-api-lookup-api-v1 1.6.113+1fb1cde93e
	- fabric-biome-api-v1 17.1.1+4fc5413f3e
	- fabric-block-api-v1 1.1.10+4ebb5c083e
	- fabric-block-view-api-v2 1.0.39+4ebb5c083e
	- fabric-client-gametest-api-v1 4.3.5+bfe9fcf43e
	- fabric-command-api-v2 2.4.7+6b42a6003e
	- fabric-content-registries-v0 10.2.14+4fc5413f3e
	- fabric-convention-tags-v1 2.1.55+7f945d5b3e
	- fabric-convention-tags-v2 2.17.3+8ef948ba3e
	- fabric-crash-report-info-v1 0.3.23+4ebb5c083e
	- fabric-data-attachment-api-v1 1.8.46+b6ef3aec3e
	- fabric-data-generation-api-v1 23.4.0+69974c4e3e
	- fabric-dimensions-v1 4.0.28+4fc5413f3e
	- fabric-entity-events-v1 3.1.1+1d0ab4303e
	- fabric-events-interaction-v0 4.1.0+3b89ecf63e
	- fabric-game-rule-api-v1 2.0.3+4fc5413f3e
	- fabric-gametest-api-v1 3.1.27+4fc5413f3e
	- fabric-item-api-v1 11.5.20+d0c46b9e3e
	- fabric-item-group-api-v1 4.2.36+4fc5413f3e
	- fabric-key-binding-api-v1 1.1.7+4fc5413f3e
	- fabric-lifecycle-events-v1 2.6.15+4ebb5c083e
	- fabric-loot-api-v2 3.0.73+3f89f5a53e
	- fabric-loot-api-v3 2.0.20+78c8b4663e
	- fabric-message-api-v1 6.1.12+4ebb5c083e
	- fabric-model-loading-api-v1 6.0.14+4fc5413f3e
	- fabric-networking-api-v1 5.1.5+ae1e07683e
	- fabric-object-builder-api-v1 21.1.39+4fc5413f3e
	- fabric-particles-v1 4.2.11+4fc5413f3e
	- fabric-recipe-api-v1 8.2.3+4ebb5c083e
	- fabric-registry-sync-v0 6.2.5+1718722b3e
	- fabric-renderer-api-v1 8.0.2+f4ffd2e53e
	- fabric-renderer-indigo 5.0.2+f4ffd2e53e
	- fabric-rendering-fluids-v1 3.1.43+4ebb5c083e
	- fabric-rendering-v1 16.2.9+7edacff13e
	- fabric-resource-conditions-api-v1 5.0.35+4fc5413f3e
	- fabric-resource-loader-v0 3.3.4+4fc5413f3e
	- fabric-resource-loader-v1 1.0.10+78c8b4663e
	- fabric-screen-api-v1 3.1.7+4ebb5c083e
	- fabric-screen-handler-api-v1 1.3.161+4fc5413f3e
	- fabric-serialization-api-v1 1.0.5+4ebb5c083e
	- fabric-sound-api-v1 1.0.51+4fc5413f3e
	- fabric-tag-api-v1 1.2.20+4fc5413f3e
	- fabric-transfer-api-v1 6.0.24+4fc5413f3e
	- fabric-transitive-access-wideners-v1 7.1.0+014c8cec3e
	- fabricloader 0.18.4
	- java 21
	- minecraft 1.21.11
	- mixinextras 0.5.0
[12:38:14] [main/INFO] (FabricLoader/Mixin) SpongePowered MIXIN Subsystem Version=0.8.7 Source=file:/C:/Users/GZ_Sakura/.gradle/caches/modules-2/files-2.1/net.fabricmc/sponge-mixin/0.17.0+mixin.0.8.7/cf31463202f72d03b0ef1e1e38e8ee71b7faaab6/sponge-mixin-0.17.0+mixin.0.8.7.jar Service=Knot/Fabric Env=CLIENT
[12:38:14] [main/INFO] (FabricLoader/Mixin) Loaded Fabric development mappings for mixin remapper!
[12:38:14] [main/INFO] (FabricLoader/Mixin) Compatibility level set to JAVA_21
[12:38:15] [main/INFO] (FabricLoader/MixinExtras|Service) Initializing MixinExtras via com.llamalad7.mixinextras.service.MixinExtrasServiceImpl(version=0.5.0).
[12:38:17] [Datafixer Bootstrap/INFO] (Minecraft) 287 Datafixer optimizations took 532 milliseconds
[12:38:23] [Render thread/INFO] (Minecraft) Environment: Environment[sessionHost=https://sessionserver.mojang.com, servicesHost=https://api.minecraftservices.com, profilesHost=https://api.mojang.com, name=PROD]
[12:38:23] [Render thread/INFO] (Minecraft) Setting user: Player111
[12:38:23] [Render thread/INFO] (Indigo) [Indigo] Registering Indigo renderer!
[12:38:23] [Download-2/ERROR] (Minecraft) Failed to fetch user properties
com.mojang.authlib.exceptions.InvalidCredentialsException: Status: 401
	at knot//com.mojang.authlib.exceptions.MinecraftClientHttpException.toAuthenticationException(MinecraftClientHttpException.java:59)
	at knot//com.mojang.authlib.yggdrasil.YggdrasilUserApiService.fetchProperties(YggdrasilUserApiService.java:150)
	at knot//net.minecraft.client.MinecraftClient.method_55608(MinecraftClient.java:457)
	at java.base/java.util.concurrent.CompletableFuture$AsyncSupply.run(CompletableFuture.java:1768)
	at java.base/java.util.concurrent.ThreadPoolExecutor.runWorker(ThreadPoolExecutor.java:1144)
	at java.base/java.util.concurrent.ThreadPoolExecutor$Worker.run(ThreadPoolExecutor.java:642)
	at java.base/java.lang.Thread.run(Thread.java:1583)
Caused by: com.mojang.authlib.exceptions.MinecraftClientHttpException: Status: 401
	at knot//com.mojang.authlib.minecraft.client.MinecraftClient.readInputStream(MinecraftClient.java:103)
	at knot//com.mojang.authlib.minecraft.client.MinecraftClient.get(MinecraftClient.java:56)
	at knot//com.mojang.authlib.yggdrasil.YggdrasilUserApiService.fetchProperties(YggdrasilUserApiService.java:121)
	... 5 more
[12:38:23] [Render thread/INFO] (Minecraft) Backend library: LWJGL version 3.3.3-snapshot
[12:38:24] [Render thread/INFO] (Minecraft) Using optional rendering extensions: GL_ARB_buffer_storage, GL_KHR_debug, GL_ARB_vertex_attrib_binding, GL_ARB_direct_state_access, GL_EXT_texture_filter_anisotropic
[12:38:25] [Render thread/INFO] (Minecraft) Reloading ResourceManager: vanilla, eliminate, fabric-api, fabric-api-base, fabric-api-lookup-api-v1, fabric-biome-api-v1, fabric-block-api-v1, fabric-block-view-api-v2, fabric-client-gametest-api-v1, fabric-command-api-v2, fabric-content-registries-v0, fabric-convention-tags-v1, fabric-convention-tags-v2, fabric-crash-report-info-v1, fabric-data-attachment-api-v1, fabric-data-generation-api-v1, fabric-dimensions-v1, fabric-entity-events-v1, fabric-events-interaction-v0, fabric-game-rule-api-v1, fabric-gametest-api-v1, fabric-item-api-v1, fabric-item-group-api-v1, fabric-key-binding-api-v1, fabric-lifecycle-events-v1, fabric-loot-api-v2, fabric-loot-api-v3, fabric-message-api-v1, fabric-model-loading-api-v1, fabric-networking-api-v1, fabric-object-builder-api-v1, fabric-particles-v1, fabric-recipe-api-v1, fabric-registry-sync-v0, fabric-renderer-api-v1, fabric-renderer-indigo, fabric-rendering-fluids-v1, fabric-rendering-v1, fabric-resource-conditions-api-v1, fabric-resource-loader-v0, fabric-resource-loader-v1, fabric-screen-api-v1, fabric-screen-handler-api-v1, fabric-serialization-api-v1, fabric-sound-api-v1, fabric-tag-api-v1, fabric-transfer-api-v1, fabric-transitive-access-wideners-v1, fabricloader
[12:38:25] [Worker-Main-28/INFO] (Minecraft) Found unifont_pua-17.0.01.hex, loading
[12:38:25] [Worker-Main-27/INFO] (Minecraft) Found unifont_all_no_pua-17.0.01.hex, loading
[12:38:25] [Worker-Main-21/INFO] (Minecraft) Found unifont_jp_patch-17.0.01.hex, loading
[12:38:26] [Download-2/INFO] (Minecraft) Could not authorize you against Realms server: java.lang.RuntimeException: Failed to parse into SignedJWT: FabricMC
[12:38:26] [Download-2/ERROR] (Minecraft) Failed to fetch Realms feature flags
net.minecraft.client.realms.exception.RealmsServiceException: Realms authentication error with message 'java.lang.RuntimeException: Failed to parse into SignedJWT: FabricMC'
	at knot//net.minecraft.client.realms.RealmsClient.execute(RealmsClient.java:526)
	at knot//net.minecraft.client.realms.RealmsClient.fetchFeatureFlags(RealmsClient.java:186)
	at java.base/java.util.concurrent.CompletableFuture$AsyncSupply.run(CompletableFuture.java:1768)
	at java.base/java.util.concurrent.ThreadPoolExecutor.runWorker(ThreadPoolExecutor.java:1144)
	at java.base/java.util.concurrent.ThreadPoolExecutor$Worker.run(ThreadPoolExecutor.java:642)
	at java.base/java.lang.Thread.run(Thread.java:1583)
[12:38:26] [Render thread/INFO] (Minecraft) OpenAL initialized on device OpenAL Soft on 扬声器 (Realtek(R) Audio)
[12:38:26] [Render thread/INFO] (Minecraft) Sound engine started
[12:38:26] [Render thread/INFO] (Minecraft) Created: 512x256x0 minecraft:textures/atlas/particles.png-atlas
[12:38:26] [Render thread/INFO] (Minecraft) Created: 128x128x0 minecraft:textures/atlas/decorated_pot.png-atlas
[12:38:26] [Render thread/INFO] (Minecraft) Created: 2048x1024x0 minecraft:textures/atlas/armor_trims.png-atlas
[12:38:26] [Render thread/INFO] (Minecraft) Created: 512x256x0 minecraft:textures/atlas/paintings.png-atlas
[12:38:26] [Render thread/INFO] (Minecraft) Created: 1024x512x0 minecraft:textures/atlas/shield_patterns.png-atlas
[12:38:26] [Render thread/INFO] (Minecraft) Created: 2048x2048x4 minecraft:textures/atlas/blocks.png-atlas
[12:38:27] [Render thread/INFO] (Minecraft) Created: 512x512x0 minecraft:textures/atlas/chest.png-atlas
[12:38:27] [Render thread/INFO] (Minecraft) Created: 256x128x0 minecraft:textures/atlas/celestials.png-atlas
[12:38:27] [Render thread/INFO] (Minecraft) Created: 1024x512x0 minecraft:textures/atlas/banner_patterns.png-atlas
[12:38:27] [Render thread/INFO] (Minecraft) Created: 512x512x0 minecraft:textures/atlas/beds.png-atlas
[12:38:27] [Render thread/INFO] (Minecraft) Created: 1024x512x0 minecraft:textures/atlas/items.png-atlas
[12:38:27] [Render thread/INFO] (Minecraft) Created: 1024x1024x0 minecraft:textures/atlas/gui.png-atlas
[12:38:27] [Render thread/INFO] (Minecraft) Created: 128x64x0 minecraft:textures/atlas/map_decorations.png-atlas
[12:38:27] [Render thread/INFO] (Minecraft) Created: 512x256x0 minecraft:textures/atlas/signs.png-atlas
[12:38:27] [Render thread/INFO] (Minecraft) Created: 512x512x0 minecraft:textures/atlas/shulker_boxes.png-atlas
[12:38:28] [IO-Worker-1/INFO] (Minecraft) Could not authorize you against Realms server: java.lang.RuntimeException: Failed to parse into SignedJWT: FabricMC
[12:38:28] [IO-Worker-1/ERROR] (Minecraft) Couldn't connect to realms
net.minecraft.client.realms.exception.RealmsServiceException: Realms authentication error with message 'java.lang.RuntimeException: Failed to parse into SignedJWT: FabricMC'
	at knot//net.minecraft.client.realms.RealmsClient.execute(RealmsClient.java:526)
	at knot//net.minecraft.client.realms.RealmsClient.clientCompatible(RealmsClient.java:307)
	at knot//net.minecraft.client.realms.RealmsAvailability.method_52627(RealmsAvailability.java:48)
	at java.base/java.util.concurrent.CompletableFuture$AsyncSupply.run(CompletableFuture.java:1768)
	at java.base/java.util.concurrent.ThreadPoolExecutor.runWorker(ThreadPoolExecutor.java:1144)
	at java.base/java.util.concurrent.ThreadPoolExecutor$Worker.run(ThreadPoolExecutor.java:642)
	at java.base/java.lang.Thread.run(Thread.java:1583)
[12:38:33] [Render thread/INFO] (Minecraft) Loaded 1470 recipes
[12:38:33] [Render thread/INFO] (Minecraft) Loaded 1584 advancements
[12:38:33] [Render thread/INFO] (BiomeModificationImpl) Applied 0 biome modifications to 0 of 65 new biomes in 1.297 ms
[12:38:33] [Server thread/INFO] (Minecraft) Starting integrated minecraft server version 1.21.11
[12:38:33] [Server thread/INFO] (Minecraft) Generating keypair
[12:38:34] [Server thread/INFO] (Minecraft) Loading 0 persistent chunks...
[12:38:34] [Server thread/INFO] (Minecraft) 准备生成区域中：16%
[12:38:34] [Server thread/INFO] (Minecraft) Loading 49 chunks for player spawn...
[12:38:34] [Server thread/INFO] (Minecraft) 准备生成区域中：16%
[12:38:35] [Server thread/INFO] (Minecraft) 准备生成区域中：59%
[12:38:35] [Server thread/INFO] (Minecraft) Time elapsed: 1071 ms
[12:38:35] [Server thread/INFO] (Minecraft) Player111[local:E:378709ad] logged in with entity id 88 at (285.84604435755057, 69.0, 254.1420029353008)
[12:38:35] [Server thread/INFO] (Minecraft) Player111加入了游戏
[12:38:35] [Server thread/INFO] (Minecraft) Changing view distance to 16, from 10
[12:38:35] [Server thread/INFO] (Minecraft) Changing simulation distance to 10, from 0
[12:38:35] [Render thread/INFO] (Minecraft) Loaded 22 advancements
[12:38:35] [Render thread/INFO] (Minecraft) Resizing Dynamic Transforms UBO, capacity limit of 2 reached during a single frame. New capacity will be 4.
[12:38:35] [Render thread/INFO] (Minecraft) Resizing Dynamic Transforms UBO, capacity limit of 4 reached during a single frame. New capacity will be 8.
[12:38:35] [Render thread/INFO] (Minecraft) Resizing Chunk Sections UBO, capacity limit of 2 reached during a single frame. New capacity will be 4.
[12:38:35] [Render thread/INFO] (Minecraft) Resizing Chunk Sections UBO, capacity limit of 4 reached during a single frame. New capacity will be 8.
[12:38:36] [Render thread/INFO] (Minecraft) Resizing Chunk Sections UBO, capacity limit of 8 reached during a single frame. New capacity will be 16.
[12:38:36] [Render thread/INFO] (Minecraft) Resizing Chunk Sections UBO, capacity limit of 16 reached during a single frame. New capacity will be 32.
[12:38:36] [Render thread/INFO] (Minecraft) Resizing Chunk Sections UBO, capacity limit of 32 reached during a single frame. New capacity will be 64.
[12:38:36] [Render thread/INFO] (Minecraft) Resizing Chunk Sections UBO, capacity limit of 64 reached during a single frame. New capacity will be 128.
[12:38:36] [Render thread/INFO] (Minecraft) Resizing Dynamic Transforms UBO, capacity limit of 8 reached during a single frame. New capacity will be 16.
[12:38:37] [Render thread/INFO] (Minecraft) Resizing Chunk Sections UBO, capacity limit of 128 reached during a single frame. New capacity will be 256.
[12:38:38] [Render thread/INFO] (Minecraft) Resizing Chunk Sections UBO, capacity limit of 256 reached during a single frame. New capacity will be 512.
[12:38:40] [Render thread/INFO] (Minecraft) Resizing Chunk Sections UBO, capacity limit of 512 reached during a single frame. New capacity will be 1024.
[12:38:55] [Render thread/INFO] (Minecraft) [System] [CHAT] Eliminate Debug: ON
[12:38:56] [Render thread/INFO] (Eliminate) Eliminate Debug: Checked 0, Culled 0 objects/sec
[12:38:57] [Render thread/INFO] (Eliminate) Eliminate Debug: Checked 0, Culled 0 objects/sec
[12:38:58] [Render thread/INFO] (Eliminate) Eliminate Debug: Checked 0, Culled 0 objects/sec
[12:38:59] [Render thread/INFO] (Eliminate) Eliminate Debug: Checked 3170, Culled 697 objects/sec
[12:39:00] [Render thread/INFO] (Eliminate) Eliminate Debug: Checked 710, Culled 152 objects/sec
[12:39:01] [Render thread/INFO] (Eliminate) Eliminate Debug: Checked 0, Culled 0 objects/sec
[12:39:02] [Render thread/INFO] (Eliminate) Eliminate Debug: Checked 0, Culled 0 objects/sec
[12:39:03] [Render thread/INFO] (Eliminate) Eliminate Debug: Checked 982, Culled 219 objects/sec
[12:39:04] [Render thread/INFO] (Eliminate) Eliminate Debug: Checked 7064, Culled 1442 objects/sec
[12:39:05] [Render thread/INFO] (Eliminate) Eliminate Debug: Checked 11686, Culled 2405 objects/sec
[12:39:06] [Render thread/INFO] (Eliminate) Eliminate Debug: Checked 16795, Culled 3124 objects/sec
[12:39:07] [Render thread/INFO] (Eliminate) Eliminate Debug: Checked 8370, Culled 1459 objects/sec
[12:39:08] [Render thread/INFO] (Eliminate) Eliminate Debug: Checked 2009, Culled 378 objects/sec
[12:39:09] [Render thread/INFO] (Eliminate) Eliminate Debug: Checked 3374, Culled 526 objects/sec
[12:39:10] [Render thread/INFO] (Eliminate) Eliminate Debug: Checked 2367, Culled 440 objects/sec
[12:39:11] [Render thread/INFO] (Eliminate) Eliminate Debug: Checked 3344, Culled 689 objects/sec
[12:39:12] [Render thread/INFO] (Eliminate) Eliminate Debug: Checked 10347, Culled 1970 objects/sec
[12:39:13] [Render thread/INFO] (Eliminate) Eliminate Debug: Checked 9795, Culled 1857 objects/sec
[12:39:14] [Render thread/INFO] (Eliminate) Eliminate Debug: Checked 3531, Culled 532 objects/sec
[12:39:15] [Render thread/INFO] (Eliminate) Eliminate Debug: Checked 16166, Culled 2478 objects/sec
[12:39:16] [Render thread/INFO] (Eliminate) Eliminate Debug: Checked 4207, Culled 342 objects/sec
[12:39:17] [Render thread/INFO] (Eliminate) Eliminate Debug: Checked 22273, Culled 2893 objects/sec
[12:39:18] [Render thread/INFO] (Eliminate) Eliminate Debug: Checked 9399, Culled 661 objects/sec
[12:39:19] [Render thread/INFO] (Eliminate) Eliminate Debug: Checked 11483, Culled 1172 objects/sec
[12:39:20] [Render thread/INFO] (Eliminate) Eliminate Debug: Checked 5903, Culled 667 objects/sec
[12:39:21] [Render thread/INFO] (Eliminate) Eliminate Debug: Checked 4886, Culled 661 objects/sec
[12:39:22] [Render thread/INFO] (Eliminate) Eliminate Debug: Checked 7765, Culled 1031 objects/sec
[12:39:23] [Render thread/INFO] (Eliminate) Eliminate Debug: Checked 1416, Culled 113 objects/sec
[12:39:24] [Render thread/INFO] (Eliminate) Eliminate Debug: Checked 17243, Culled 2107 objects/sec
[12:39:25] [Render thread/INFO] (Eliminate) Eliminate Debug: Checked 5083, Culled 910 objects/sec
[12:39:26] [Render thread/INFO] (Minecraft) Stopping!
[12:39:26] [Server thread/INFO] (Minecraft) Player111 lost connection: 连接中断
[12:39:26] [Server thread/INFO] (Minecraft) Player111退出了游戏
[12:39:26] [Server thread/INFO] (Minecraft) Stopping singleplayer server as player logged out
[12:39:26] [Server thread/INFO] (Minecraft) Stopping server
[12:39:26] [Server thread/INFO] (Minecraft) Saving players
[12:39:26] [Server thread/INFO] (Minecraft) Saving worlds
[12:39:27] [Server thread/INFO] (Minecraft) Saving chunks for level 'ServerLevel[新的世界]'/minecraft:overworld
[12:39:27] [Server thread/INFO] (Minecraft) Saving chunks for level 'ServerLevel[新的世界]'/minecraft:the_end
[12:39:27] [Server thread/INFO] (Minecraft) Saving chunks for level 'ServerLevel[新的世界]'/minecraft:the_nether
[12:39:28] [Server thread/INFO] (Minecraft) ThreadedAnvilChunkStorage (新的世界): All chunks are saved
[12:39:28] [Server thread/INFO] (Minecraft) ThreadedAnvilChunkStorage (DIM1): All chunks are saved
[12:39:28] [Server thread/INFO] (Minecraft) ThreadedAnvilChunkStorage (DIM-1): All chunks are saved
[12:39:28] [Server thread/INFO] (Minecraft) ThreadedAnvilChunkStorage: All dimensions are saved
